<?xml version="1.0" encoding="UTF-8"?>
<!-- Generated by org.testng.reporters.JUnitXMLReporter -->
<testsuite hostname="surender-pc" ignored="0" name="Smoke Testcases" tests="8" failures="0" timestamp="16 Nov 2017 22:23:55 GMT" time="93.925" errors="0">
  <testcase name="@BeforeMethod beforeMethod" time="32.472" classname="testngnew.FacebookDataDrivenTest">
    <failure type="org.openqa.selenium.TimeoutException" message="Expected condition failed: waiting for title to contain &amp;quot;Facebook - Log In or Sign Up&amp;quot;. Current title: &amp;quot;Facebook&amp;quot; (tried for 30 second(s) with 500 MILLISECONDS interval)
Build info: version: &amp;apos;unknown&amp;apos;, revision: &amp;apos;unknown&amp;apos;, time: &amp;apos;unknown&amp;apos;
System info: host: &amp;apos;SURENDER-PC&amp;apos;, ip: &amp;apos;192.168.0.20&amp;apos;, os.name: &amp;apos;Windows 10&amp;apos;, os.arch: &amp;apos;amd64&amp;apos;, os.version: &amp;apos;10.0&amp;apos;, java.version: &amp;apos;1.8.0_131&amp;apos;
Driver info: org.openqa.selenium.firefox.FirefoxDriver
Capabilities [{rotatable=false, raisesAccessibilityExceptions=false, appBuildId=20160817112116, version=48.0.1, platform=XP, proxy=Proxy(), command_id=1.0, specificationLevel=0.0, acceptSslCerts=false, browserVersion=48.0.1, platformVersion=10.0, XULappId={ec8030f7-c20a-464f-9b0e-13a3a9e97384}, browserName=Firefox, takesScreenshot=true, takesElementScreenshot=true, javascriptEnabled=true, platformName=Windows_NT, device=desktop}]
Session ID: fa385472-221c-42fa-b88c-1af683a5601c">
      <![CDATA[org.openqa.selenium.TimeoutException: Expected condition failed: waiting for title to contain "Facebook - Log In or Sign Up". Current title: "Facebook" (tried for 30 second(s) with 500 MILLISECONDS interval)
Build info: version: 'unknown', revision: 'unknown', time: 'unknown'
System info: host: 'SURENDER-PC', ip: '192.168.0.20', os.name: 'Windows 10', os.arch: 'amd64', os.version: '10.0', java.version: '1.8.0_131'
Driver info: org.openqa.selenium.firefox.FirefoxDriver
Capabilities [{rotatable=false, raisesAccessibilityExceptions=false, appBuildId=20160817112116, version=48.0.1, platform=XP, proxy=Proxy(), command_id=1.0, specificationLevel=0.0, acceptSslCerts=false, browserVersion=48.0.1, platformVersion=10.0, XULappId={ec8030f7-c20a-464f-9b0e-13a3a9e97384}, browserName=Firefox, takesScreenshot=true, takesElementScreenshot=true, javascriptEnabled=true, platformName=Windows_NT, device=desktop}]
Session ID: fa385472-221c-42fa-b88c-1af683a5601c
	at org.openqa.selenium.support.ui.WebDriverWait.timeoutException(WebDriverWait.java:80)
	at org.openqa.selenium.support.ui.FluentWait.until(FluentWait.java:232)
	at testngnew.FacebookDataDrivenTest.beforeMethod(FacebookDataDrivenTest.java:57)
... Removed 27 stack frames]]>
    </failure>
  </testcase> <!-- @BeforeMethod beforeMethod -->
  <testcase name="@AfterMethod afterMethod" time="0.0" classname="testngnew.FacebookDataDrivenTest">
    <skipped/>
  </testcase> <!-- @AfterMethod afterMethod -->
  <testcase name="@AfterClass afterClass" time="0.0" classname="testngnew.FacebookDataDrivenTest">
    <skipped/>
  </testcase> <!-- @AfterClass afterClass -->
  <testcase name="yahooSearch" time="1.951" classname="testngnew.YahooDataDrivenTest"/>
  <testcase name="yahooSearch" time="1.377" classname="testngnew.YahooDataDrivenTest"/>
  <testcase name="yahooSearch" time="1.399" classname="testngnew.YahooDataDrivenTest"/>
  <testcase name="googleSeach" time="3.186" classname="testngnew.GoogleDataDriven"/>
  <testcase name="googleSeach" time="3.149" classname="testngnew.GoogleDataDriven"/>
  <testcase name="googleSeach" time="3.228" classname="testngnew.GoogleDataDriven"/>
  <testcase name="facebookTest" time="10.497" classname="testngnew.FacebookDataDrivenTest"/>
  <testcase name="facebookTest" time="0.0" classname="testngnew.FacebookDataDrivenTest">
    <skipped/>
  </testcase> <!-- facebookTest -->
</testsuite> <!-- Smoke Testcases -->
